<?xml version="1.0" encoding="UTF-8"?>
<!-- Generated by org.testng.reporters.JUnitReportReporter -->
<testsuite ignored="0" hostname="MacBook-ATR.local" failures="0" tests="1" name="loginTest.TC_01_CorrectLogin" time="2.220" errors="0" timestamp="12 dic. 2020 16:09:05 GMT" skipped="0">
  <testcase classname="loginTest.TC_01_CorrectLogin" name="TC_01" time="2.220"/>
</testsuite> <!-- loginTest.TC_01_CorrectLogin -->
