<?xml version="1.0" encoding="UTF-8"?>
<!-- Generated by org.testng.reporters.JUnitReportReporter -->
<testsuite ignored="0" hostname="MacBook-ATR.local" failures="0" tests="2" name="loginTest.TC_06_ParameterLogin" time="3.118" errors="0" timestamp="12 dic. 2020 16:02:44 GMT" skipped="0">
  <testcase classname="loginTest.TC_06_ParameterLogin" name="TC_06" time="0.678"/>
  <testcase classname="loginTest.TC_06_ParameterLogin" name="TC_06" time="2.440"/>
</testsuite> <!-- loginTest.TC_06_ParameterLogin -->
