<?xml version="1.0" encoding="UTF-8"?>
<!-- Generated by org.testng.reporters.JUnitReportReporter -->
<testsuite ignored="0" hostname="MacBook-ATR.local" failures="0" tests="1" name="loginTest.TC_03_Logout" time="5.238" errors="0" timestamp="12 dic. 2020 14:47:23 GMT" skipped="0">
  <testcase classname="loginTest.TC_03_Logout" name="TC_03" time="5.238"/>
</testsuite> <!-- loginTest.TC_03_Logout -->
