<?xml version="1.0" encoding="UTF-8"?>
<!-- Generated by org.testng.reporters.JUnitReportReporter -->
<testsuite ignored="0" hostname="MacBook-ATR.local" failures="0" tests="1" name="Test.TestNGE" time="0.018" errors="0" timestamp="07 nov. 2020 17:57:32 GMT" skipped="0">
  <testcase classname="Test.TestNGE" name="f" time="0.018"/>
</testsuite> <!-- Test.TestNGE -->
