<?xml version="1.0" encoding="UTF-8"?>
<!-- Generated by org.testng.reporters.JUnitReportReporter -->
<testsuite ignored="0" hostname="MacBook-ATR.local" failures="0" tests="1" name="assertsEj.SoftAssertEj" time="0.024" errors="0" timestamp="05 dic. 2020 15:53:09 GMT" skipped="0">
  <testcase classname="assertsEj.SoftAssertEj" name="softAssertEquals" time="0.024"/>
</testsuite> <!-- assertsEj.SoftAssertEj -->
